Resolving dependencies...
Downloading packages...
  audio_session 0.1.25 (0.2.2 available)
  characters 1.4.0 (1.4.1 available)
  connectivity_plus 6.1.5 (7.0.0 available)
  cross_file 0.3.5+1 (0.3.5+2 available)
  dbus 0.7.11 (0.7.12 available)
  device_info_plus 9.1.2 (12.3.0 available)
  equatable 2.0.7 (2.0.8 available)
  extension 0.6.0 (1.0.0 available)
  ffi 2.1.4 (2.1.5 available)
  file_picker 8.3.7 (10.3.10 available)
  fl_chart 0.69.0 (1.1.1 available)
  flutter_lints 5.0.0 (6.0.0 available)
  flutter_local_notifications 18.0.1 (20.0.0 available)
  flutter_local_notifications_linux 5.0.0 (7.0.0 available)
  flutter_local_notifications_platform_interface 8.0.0 (10.0.0 available)
  flutter_map 7.0.2 (8.2.2 available)
  flutter_map_marker_cluster 1.4.0 (8.2.2 available)
  flutter_map_marker_popup 7.0.0 (8.1.0 available)
  flutter_riverpod 2.6.1 (3.2.1 available)
  flutter_sound_platform_interface 9.30.0 (10.3.8 available)
  flutter_sound_web 9.30.0 (10.3.8 available)
  geolocator 13.0.4 (14.0.2 available)
  geolocator_android 4.6.2 (5.0.2 available)
  graphview 1.2.0 (1.5.1 available)
  http 1.5.0 (1.6.0 available)
  image 4.5.4 (4.7.2 available)
  image_picker_android 0.8.13+10 (0.8.13+13 available)
  image_picker_ios 0.8.13+3 (0.8.13+6 available)
  js 0.6.7 (0.7.2 available)
  json_annotation 4.9.0 (4.10.0 available)
  just_audio 0.9.46 (0.10.5 available)
  lints 5.1.1 (6.1.0 available)
  matcher 0.12.17 (0.12.18 available)
  material_color_utilities 0.11.1 (0.13.0 available)
  meta 1.16.0 (1.18.1 available)
  mgrs_dart 2.0.0 (3.0.0 available)
  mime 1.0.6 (2.0.0 available)
  path_provider_foundation 2.5.1 (2.6.0 available)
  pdfx 2.6.0 (2.9.2 available)
  permission_handler 11.4.0 (12.0.1 available)
  permission_handler_android 12.1.0 (13.0.1 available)
  photo_view 0.14.0 (0.15.0 available)
  proj4dart 2.1.0 (3.0.0 available)
  riverpod 2.6.1 (3.2.1 available)
  sensors_plus 6.1.2 (7.0.0 available)
  share_plus 7.2.2 (12.0.1 available)
  share_plus_platform_interface 3.4.0 (6.1.0 available)
  shared_preferences 2.5.3 (2.5.4 available)
  shared_preferences_android 2.4.18 (2.4.20 available)
  source_span 1.10.1 (1.10.2 available)
  test_api 0.7.6 (0.7.9 available)
  timezone 0.10.1 (0.11.0 available)
  unicode 0.3.1 (1.1.9 available)
  url_launcher_web 2.4.1 (2.4.2 available)
  video_player_avfoundation 2.8.8 (2.9.1 available)
  win32_registry 1.1.5 (2.1.0 available)
Got dependencies!
56 packages have newer versions incompatible with dependency constraints.
Try `flutter pub outdated` for more information.
Running Gradle task 'assembleRelease'...                        
lib/services/analytics_service.dart:7:8: Error: Error when reading 'lib/services/api_config.dart': No such file or directory
import 'api_config.dart';
       ^
lib/services/service_manager.dart:335:29: Error: The method 'AnalyticsService' isn't defined for the type 'ServiceManager'.
 - 'ServiceManager' is from 'package:weltenbibliothek/services/service_manager.dart' ('lib/services/service_manager.dart').
Try correcting the name to the name of an existing method, or defining a method named 'AnalyticsService'.
          () async => await AnalyticsService().init(),
                            ^^^^^^^^^^^^^^^^
lib/services/analytics_service.dart:15:40: Error: Undefined name 'ApiConfig'.
  final String _analyticsEndpoint = '${ApiConfig.v2ApiUrl}/analytics';
                                       ^^^^^^^^^
lib/services/analytics_service.dart:195:36: Error: The getter 'ApiConfig' isn't defined for the type 'CloudflareAnalyticsService'.
 - 'CloudflareAnalyticsService' is from 'package:weltenbibliothek/services/analytics_service.dart' ('lib/services/analytics_service.dart').
Try correcting the name to the name of an existing getter, or defining a getter or field named 'ApiConfig'.
        'Authorization': 'Bearer ${ApiConfig.apiToken}',
                                   ^^^^^^^^^
lib/services/analytics_service.dart:299:25: Error: The getter 'ApiConfig' isn't defined for the type 'CrashReporter'.
 - 'CrashReporter' is from 'package:weltenbibliothek/services/analytics_service.dart' ('lib/services/analytics_service.dart').
Try correcting the name to the name of an existing getter, or defining a getter or field named 'ApiConfig'.
    final endpoint = '${ApiConfig.v2ApiUrl}/crashes';
                        ^^^^^^^^^
lib/services/analytics_service.dart:305:36: Error: The getter 'ApiConfig' isn't defined for the type 'CrashReporter'.
 - 'CrashReporter' is from 'package:weltenbibliothek/services/analytics_service.dart' ('lib/services/analytics_service.dart').
Try correcting the name to the name of an existing getter, or defining a getter or field named 'ApiConfig'.
        'Authorization': 'Bearer ${ApiConfig.apiToken}',
                                   ^^^^^^^^^
lib/services/hybrid_chat_service.dart:59:49: Error: Required named parameter 'realm' must be provided.
      final wsSuccess = await _wsService.connect(
                                                ^
lib/services/hybrid_chat_service.dart:133:24: Error: The method 'sendChatMessage' isn't defined for the type 'WebSocketChatService'.
 - 'WebSocketChatService' is from 'package:weltenbibliothek/services/websocket_chat_service.dart' ('lib/services/websocket_chat_service.dart').
Try correcting the name to the name of an existing method, or defining a method named 'sendChatMessage'.
      await _wsService.sendChatMessage(
                       ^^^^^^^^^^^^^^^
lib/services/hybrid_chat_service.dart:163:24: Error: The method 'sendToolActivity' isn't defined for the type 'WebSocketChatService'.
 - 'WebSocketChatService' is from 'package:weltenbibliothek/services/websocket_chat_service.dart' ('lib/services/websocket_chat_service.dart').
Try correcting the name to the name of an existing method, or defining a method named 'sendToolActivity'.
      await _wsService.sendToolActivity(
                       ^^^^^^^^^^^^^^^^
lib/services/hybrid_chat_service.dart:187:18: Error: The method 'sendTypingIndicator' isn't defined for the type 'WebSocketChatService'.
 - 'WebSocketChatService' is from 'package:weltenbibliothek/services/websocket_chat_service.dart' ('lib/services/websocket_chat_service.dart').
Try correcting the name to the name of an existing method, or defining a method named 'sendTypingIndicator'.
      _wsService.sendTypingIndicator(isTyping);
                 ^^^^^^^^^^^^^^^^^^^
lib/services/hybrid_chat_service.dart:228:16: Error: The method 'dispose' isn't defined for the type 'WebSocketChatService'.
 - 'WebSocketChatService' is from 'package:weltenbibliothek/services/websocket_chat_service.dart' ('lib/services/websocket_chat_service.dart').
Try correcting the name to the name of an existing method, or defining a method named 'dispose'.
    _wsService.dispose();
               ^^^^^^^
Target kernel_snapshot_program failed: Exception


FAILURE: Build failed with an exception.

* What went wrong:
Execution failed for task ':app:compileFlutterBuildRelease'.
> Process 'command '/opt/flutter/bin/flutter'' finished with non-zero exit value 1

* Try:
> Run with --stacktrace option to get the stack trace.
> Run with --info or --debug option to get more log output.
> Run with --scan to get full insights.
> Get more help at https://help.gradle.org.

BUILD FAILED in 36s
Running Gradle task 'assembleRelease'...                           36.8s
Gradle task assembleRelease failed with exit code 1
